<?xml version="1.0" encoding="UTF-8"?>
<!-- Generated by org.testng.reporters.JUnitReportReporter -->
<testsuite hostname="DESKTOP-LDIQ5RT" failures="0" tests="1" name="resources.tw" time="0.024" errors="0" timestamp="2021-05-19T21:00:03 IST" skipped="0">
  <testcase classname="resources.tw" name="fd" time="0.024"/>
</testsuite> <!-- resources.tw -->
