<?xml version="1.0" encoding="UTF-8"?>
<!-- Generated by org.testng.reporters.JUnitReportReporter -->
<testsuite hostname="DESKTOP-LDIQ5RT" failures="0" tests="1" name="E2EP2.E2EProject_02.Alerts_pop" time="19.510" errors="0" timestamp="2021-08-08T01:25:25 IST" skipped="0">
  <testcase classname="E2EP2.E2EProject_02.Alerts_pop" name="Alerts" time="19.510"/>
</testsuite> <!-- E2EP2.E2EProject_02.Alerts_pop -->
