<?xml version="1.0" encoding="UTF-8"?>
<!-- Generated by org.testng.reporters.JUnitReportReporter -->
<testsuite hostname="DESKTOP-LDIQ5RT" failures="0" tests="1" name="resources.Basicbrw" time="0.020" errors="0" timestamp="2021-05-19T21:01:37 IST" skipped="0">
  <testcase classname="resources.Basicbrw" name="hjh" time="0.020"/>
</testsuite> <!-- resources.Basicbrw -->
