<?xml version="1.0" encoding="UTF-8"?>
<!-- Generated by org.testng.reporters.JUnitReportReporter -->
<testsuite hostname="DESKTOP-LDIQ5RT" failures="0" tests="1" name="E2EP2.E2EProject_02.TestExecution" time="12.078" errors="0" timestamp="2021-08-08T01:24:01 IST" skipped="0">
  <testcase classname="E2EP2.E2EProject_02.TestExecution" name="executeTestcase" time="12.078"/>
  <system-out/>
</testsuite> <!-- E2EP2.E2EProject_02.TestExecution -->
