<?xml version="1.0" encoding="UTF-8"?>
<!-- Generated by org.testng.reporters.JUnitReportReporter -->
<testsuite hostname="DESKTOP-LDIQ5RT" failures="0" tests="1" name="E2EP2.E2EProject_02.TestExecution" time="15.272" errors="0" timestamp="2021-05-26T11:42:42 IST" skipped="0">
  <testcase classname="E2EP2.E2EProject_02.TestExecution" name="executeTestcase" time="15.272"/>
  <system-out/>
</testsuite> <!-- E2EP2.E2EProject_02.TestExecution -->
